[2025-06-24 22:09:54] DELETE /employees/
[2025-06-24 22:09:58] DELETE /employees/4
[2025-06-24 22:10:06] GET /employees
[2025-06-24 22:10:14] POST /employees
[2025-06-24 22:10:19] GET /employees
[2025-06-24 22:10:25] PUT /employees/4
[2025-06-24 22:24:09] GET /employees
[2025-06-24 22:24:45] GET /employees
[2025-06-24 22:24:56] GET /employees
[2025-06-24 22:25:31] POST /employees
[2025-06-24 22:25:49] POST /employees
[2025-06-24 22:26:05] GET /employees
[2025-06-24 22:26:13] PUT /employees/4
[2025-06-24 22:26:45] PUT /employees/4
[2025-06-24 22:26:52] PUT /employees/4
[2025-06-24 22:27:15] PUT /employees/5
[2025-06-24 22:27:26] DELETE /employees/4
[2025-06-24 22:27:37] DELETE /employees/4
[2025-06-24 22:27:46] DELETE /employees/5
[2025-06-24 22:27:55] GET /employees
