[2025-05-23 16:19:53] POST /reader/borrow/1
[2025-05-23 16:19:56] GET /reader/books
[2025-05-23 16:20:16] POST /reader/return/1
[2025-05-23 16:34:51] POST /reader/return/1
[2025-05-23 16:34:57] POST /reader/return/2
[2025-05-23 16:35:00] POST /reader/return/3
[2025-05-23 16:35:20] POST /reader/borrow/1
[2025-05-23 16:35:30] POST /reader/return/
[2025-05-23 16:35:32] POST /reader/return/1
[2025-05-23 16:40:20] POST /reader/return/1
[2025-06-23 17:13:27] POST /reader/return/1
[2025-06-23 17:13:35] POST /reader/return/1
[2025-06-23 17:13:42] POST /reader/borrow/1
[2025-06-23 17:13:50] POST /reader/return/1
[2025-06-23 17:15:03] POST /reader/return/1
[2025-06-23 17:15:11] POST /reader/borrow/4
[2025-06-23 17:15:47] POST /reader/borrow/4
[2025-06-23 17:15:52] POST /reader/return/1
[2025-06-23 17:15:57] POST /reader/borrow/3
[2025-06-23 17:17:38] POST /reader/borrow/3
[2025-06-23 17:18:05] POST /reader/borrow/3
[2025-06-23 17:18:10] POST /reader/return/1
[2025-06-23 17:19:42] POST /reader/return/1
[2025-06-23 17:19:45] POST /reader/return/1
[2025-06-23 17:19:48] POST /reader/borrow/3
[2025-06-23 17:19:50] POST /reader/borrow/3
[2025-06-23 17:20:09] POST /reader/borrow/1
[2025-06-23 17:20:09] Yash borrowed Sapiens: A Brief History of Humankind[2025-06-23 17:21:22] POST /reader/return/1
[2025-06-23 17:21:54] POST /admin/books
[2025-06-23 17:21:58] GET /admin/books
[2025-06-23 17:22:05] PATCH /admin/books/4
[2025-06-23 17:22:11] PATCH /admin/books/5
[2025-06-23 17:22:19] DELETE /admin/books/1
[2025-06-23 17:22:23] GET /reader/books
[2025-06-23 17:22:32] POST /reader/borrow/1
[2025-06-23 17:22:36] POST /reader/borrow/2
[2025-06-23 17:22:36] Yash borrowed The Da Vinci Code[2025-06-23 17:22:37] POST /reader/borrow/2
[2025-06-23 17:22:42] POST /reader/return/1
[2025-06-23 17:22:45] POST /reader/return/2
